2025-06-20 15:35:32,732 - wiener_linien - INFO - <module>:387 - Starting Wiener Linien Live Map application
2025-06-20 15:35:34,414 - wiener_linien - INFO - <module>:387 - Starting Wiener Linien Live Map application
2025-06-20 15:36:04,384 - wiener_linien - INFO - get_lines:357 - Returning 71 lines
2025-06-20 15:36:04,394 - wiener_linien - INFO - get_vehicles:204 - Fetching vehicles: type=None, line=None
2025-06-20 15:36:05,301 - wiener_linien - ERROR - make_api_request:134 - HTTP error 418: <h1>Forbidden</h1>
2025-06-20 15:36:05,680 - wiener_linien - ERROR - make_api_request:134 - HTTP error 418: <h1>Forbidden</h1>
2025-06-20 15:36:06,064 - wiener_linien - ERROR - make_api_request:134 - HTTP error 418: <h1>Forbidden</h1>
2025-06-20 15:36:06,457 - wiener_linien - ERROR - make_api_request:134 - HTTP error 418: <h1>Forbidden</h1>
2025-06-20 15:36:07,014 - wiener_linien - ERROR - make_api_request:134 - HTTP error 418: <h1>Forbidden</h1>
2025-06-20 15:36:07,016 - wiener_linien - INFO - get_vehicles:253 - Returning 0 vehicles (successful requests: 0, failed: 5)
2025-06-20 15:36:13,393 - wiener_linien - INFO - get_vehicles:204 - Fetching vehicles: type=metro, line=None
2025-06-20 15:36:13,803 - wiener_linien - ERROR - make_api_request:134 - HTTP error 418: <h1>Forbidden</h1>
2025-06-20 15:36:14,207 - wiener_linien - ERROR - make_api_request:134 - HTTP error 418: <h1>Forbidden</h1>
2025-06-20 15:36:14,609 - wiener_linien - ERROR - make_api_request:134 - HTTP error 418: <h1>Forbidden</h1>
2025-06-20 15:36:14,995 - wiener_linien - ERROR - make_api_request:134 - HTTP error 418: <h1>Forbidden</h1>
2025-06-20 15:36:15,431 - wiener_linien - ERROR - make_api_request:134 - HTTP error 418: <h1>Forbidden</h1>
2025-06-20 15:36:15,432 - wiener_linien - INFO - get_vehicles:253 - Returning 0 vehicles (successful requests: 0, failed: 5)
2025-06-20 15:36:17,217 - wiener_linien - INFO - get_vehicles:204 - Fetching vehicles: type=metro, line=U4
2025-06-20 15:36:17,597 - wiener_linien - ERROR - make_api_request:134 - HTTP error 418: <h1>Forbidden</h1>
2025-06-20 15:36:17,968 - wiener_linien - ERROR - make_api_request:134 - HTTP error 418: <h1>Forbidden</h1>
2025-06-20 15:36:18,367 - wiener_linien - ERROR - make_api_request:134 - HTTP error 418: <h1>Forbidden</h1>
2025-06-20 15:36:18,771 - wiener_linien - ERROR - make_api_request:134 - HTTP error 418: <h1>Forbidden</h1>
2025-06-20 15:36:19,189 - wiener_linien - ERROR - make_api_request:134 - HTTP error 418: <h1>Forbidden</h1>
2025-06-20 15:36:19,190 - wiener_linien - INFO - get_vehicles:253 - Returning 0 vehicles (successful requests: 0, failed: 5)
2025-06-20 15:36:22,034 - wiener_linien - INFO - get_vehicles:204 - Fetching vehicles: type=metro, line=U4
2025-06-20 15:36:22,413 - wiener_linien - ERROR - make_api_request:134 - HTTP error 418: <h1>Forbidden</h1>
2025-06-20 15:36:22,824 - wiener_linien - ERROR - make_api_request:134 - HTTP error 418: <h1>Forbidden</h1>
2025-06-20 15:36:23,281 - wiener_linien - ERROR - make_api_request:134 - HTTP error 418: <h1>Forbidden</h1>
2025-06-20 15:36:23,676 - wiener_linien - ERROR - make_api_request:134 - HTTP error 418: <h1>Forbidden</h1>
2025-06-20 15:36:24,045 - wiener_linien - ERROR - make_api_request:134 - HTTP error 418: <h1>Forbidden</h1>
2025-06-20 15:36:24,046 - wiener_linien - INFO - get_vehicles:253 - Returning 0 vehicles (successful requests: 0, failed: 5)
2025-06-20 15:36:37,042 - wiener_linien - INFO - get_vehicles:204 - Fetching vehicles: type=metro, line=U4
2025-06-20 15:36:37,468 - wiener_linien - ERROR - make_api_request:134 - HTTP error 418: <h1>Forbidden</h1>
2025-06-20 15:36:37,856 - wiener_linien - ERROR - make_api_request:134 - HTTP error 418: <h1>Forbidden</h1>
2025-06-20 15:36:38,247 - wiener_linien - ERROR - make_api_request:134 - HTTP error 418: <h1>Forbidden</h1>
2025-06-20 15:36:38,634 - wiener_linien - ERROR - make_api_request:134 - HTTP error 418: <h1>Forbidden</h1>
2025-06-20 15:36:39,030 - wiener_linien - ERROR - make_api_request:134 - HTTP error 418: <h1>Forbidden</h1>
2025-06-20 15:36:39,031 - wiener_linien - INFO - get_vehicles:253 - Returning 0 vehicles (successful requests: 0, failed: 5)
2025-06-20 15:43:49,522 - wiener_linien - INFO - <module>:560 - Starting Wiener Linien Live Map application
2025-06-20 15:43:51,183 - wiener_linien - INFO - <module>:560 - Starting Wiener Linien Live Map application
2025-06-20 15:43:54,628 - wiener_linien - INFO - get_vehicles:338 - Fetching vehicles: type=None, line=None, station=None
2025-06-20 15:43:55,035 - wiener_linien - ERROR - make_api_request:134 - HTTP error 418: <h1>Forbidden</h1>
2025-06-20 15:43:55,530 - wiener_linien - ERROR - make_api_request:134 - HTTP error 418: <h1>Forbidden</h1>
2025-06-20 15:43:55,944 - wiener_linien - ERROR - make_api_request:134 - HTTP error 418: <h1>Forbidden</h1>
2025-06-20 15:43:55,945 - wiener_linien - INFO - get_vehicles:383 - No real vehicles found, adding dummy vehicles
2025-06-20 15:43:55,946 - wiener_linien - INFO - get_vehicles:396 - Returning 9 vehicles (successful requests: 0, failed: 3)
2025-06-20 15:43:56,267 - wiener_linien - INFO - get_vehicles:338 - Fetching vehicles: type=None, line=None, station=None
2025-06-20 15:43:56,661 - wiener_linien - ERROR - make_api_request:134 - HTTP error 418: <h1>Forbidden</h1>
2025-06-20 15:43:57,047 - wiener_linien - ERROR - make_api_request:134 - HTTP error 418: <h1>Forbidden</h1>
2025-06-20 15:43:57,454 - wiener_linien - ERROR - make_api_request:134 - HTTP error 418: <h1>Forbidden</h1>
2025-06-20 15:43:57,455 - wiener_linien - INFO - get_vehicles:383 - No real vehicles found, adding dummy vehicles
2025-06-20 15:43:57,455 - wiener_linien - INFO - get_vehicles:396 - Returning 9 vehicles (successful requests: 0, failed: 3)
2025-06-20 15:43:59,895 - wiener_linien - INFO - get_lines:501 - Returning 71 lines
2025-06-20 15:44:01,585 - wiener_linien - INFO - get_stops:552 - Returning 36 stops
2025-06-20 15:44:03,986 - wiener_linien - INFO - get_lines:501 - Returning 71 lines
2025-06-20 15:44:03,995 - wiener_linien - INFO - get_stops:552 - Returning 36 stops
2025-06-20 15:44:04,000 - wiener_linien - INFO - get_vehicles:338 - Fetching vehicles: type=None, line=None, station=None
2025-06-20 15:44:04,464 - wiener_linien - ERROR - make_api_request:134 - HTTP error 418: <h1>Forbidden</h1>
2025-06-20 15:44:04,936 - wiener_linien - ERROR - make_api_request:134 - HTTP error 418: <h1>Forbidden</h1>
2025-06-20 15:44:05,310 - wiener_linien - ERROR - make_api_request:134 - HTTP error 418: <h1>Forbidden</h1>
2025-06-20 15:44:05,312 - wiener_linien - INFO - get_vehicles:383 - No real vehicles found, adding dummy vehicles
2025-06-20 15:44:05,312 - wiener_linien - INFO - get_vehicles:396 - Returning 9 vehicles (successful requests: 0, failed: 3)
2025-06-20 15:45:07,810 - wiener_linien - INFO - get_vehicles:338 - Fetching vehicles: type=None, line=None, station=None
2025-06-20 15:45:08,236 - wiener_linien - ERROR - make_api_request:134 - HTTP error 418: <h1>Forbidden</h1>
2025-06-20 15:45:08,627 - wiener_linien - ERROR - make_api_request:134 - HTTP error 418: <h1>Forbidden</h1>
2025-06-20 15:45:09,022 - wiener_linien - ERROR - make_api_request:134 - HTTP error 418: <h1>Forbidden</h1>
2025-06-20 15:45:09,023 - wiener_linien - INFO - get_vehicles:383 - No real vehicles found, adding dummy vehicles
2025-06-20 15:45:09,024 - wiener_linien - INFO - get_vehicles:396 - Returning 9 vehicles (successful requests: 0, failed: 3)
2025-06-20 15:46:11,822 - wiener_linien - INFO - get_vehicles:338 - Fetching vehicles: type=None, line=None, station=None
2025-06-20 15:46:12,212 - wiener_linien - ERROR - make_api_request:134 - HTTP error 418: <h1>Forbidden</h1>
2025-06-20 15:46:12,626 - wiener_linien - ERROR - make_api_request:134 - HTTP error 418: <h1>Forbidden</h1>
2025-06-20 15:46:13,015 - wiener_linien - ERROR - make_api_request:134 - HTTP error 418: <h1>Forbidden</h1>
2025-06-20 15:46:13,017 - wiener_linien - INFO - get_vehicles:383 - No real vehicles found, adding dummy vehicles
2025-06-20 15:46:13,017 - wiener_linien - INFO - get_vehicles:396 - Returning 9 vehicles (successful requests: 0, failed: 3)
2025-06-20 15:47:11,829 - wiener_linien - INFO - get_vehicles:338 - Fetching vehicles: type=None, line=None, station=None
2025-06-20 15:47:12,224 - wiener_linien - ERROR - make_api_request:134 - HTTP error 418: <h1>Forbidden</h1>
2025-06-20 15:47:12,598 - wiener_linien - ERROR - make_api_request:134 - HTTP error 418: <h1>Forbidden</h1>
2025-06-20 15:47:12,985 - wiener_linien - ERROR - make_api_request:134 - HTTP error 418: <h1>Forbidden</h1>
2025-06-20 15:47:12,986 - wiener_linien - INFO - get_vehicles:383 - No real vehicles found, adding dummy vehicles
2025-06-20 15:47:12,986 - wiener_linien - INFO - get_vehicles:396 - Returning 9 vehicles (successful requests: 0, failed: 3)
2025-06-20 15:48:11,843 - wiener_linien - INFO - get_vehicles:338 - Fetching vehicles: type=None, line=None, station=None
2025-06-20 15:48:12,220 - wiener_linien - ERROR - make_api_request:134 - HTTP error 418: <h1>Forbidden</h1>
2025-06-20 15:48:12,662 - wiener_linien - ERROR - make_api_request:134 - HTTP error 418: <h1>Forbidden</h1>
2025-06-20 15:48:13,024 - wiener_linien - ERROR - make_api_request:134 - HTTP error 418: <h1>Forbidden</h1>
2025-06-20 15:48:13,025 - wiener_linien - INFO - get_vehicles:383 - No real vehicles found, adding dummy vehicles
2025-06-20 15:48:13,025 - wiener_linien - INFO - get_vehicles:396 - Returning 9 vehicles (successful requests: 0, failed: 3)
2025-06-20 15:49:11,844 - wiener_linien - INFO - get_vehicles:338 - Fetching vehicles: type=None, line=None, station=None
2025-06-20 15:49:12,253 - wiener_linien - ERROR - make_api_request:134 - HTTP error 418: <h1>Forbidden</h1>
2025-06-20 15:49:12,632 - wiener_linien - ERROR - make_api_request:134 - HTTP error 418: <h1>Forbidden</h1>
2025-06-20 15:49:12,991 - wiener_linien - ERROR - make_api_request:134 - HTTP error 418: <h1>Forbidden</h1>
2025-06-20 15:49:12,992 - wiener_linien - INFO - get_vehicles:383 - No real vehicles found, adding dummy vehicles
2025-06-20 15:49:12,993 - wiener_linien - INFO - get_vehicles:396 - Returning 9 vehicles (successful requests: 0, failed: 3)
2025-06-20 15:49:17,142 - wiener_linien - INFO - get_lines:501 - Returning 71 lines
2025-06-20 15:49:17,149 - wiener_linien - INFO - get_stops:552 - Returning 36 stops
2025-06-20 15:49:17,152 - wiener_linien - INFO - get_vehicles:338 - Fetching vehicles: type=None, line=None, station=None
2025-06-20 15:49:17,578 - wiener_linien - ERROR - make_api_request:134 - HTTP error 418: <h1>Forbidden</h1>
2025-06-20 15:49:17,961 - wiener_linien - ERROR - make_api_request:134 - HTTP error 418: <h1>Forbidden</h1>
2025-06-20 15:49:18,398 - wiener_linien - ERROR - make_api_request:134 - HTTP error 418: <h1>Forbidden</h1>
2025-06-20 15:49:18,399 - wiener_linien - INFO - get_vehicles:383 - No real vehicles found, adding dummy vehicles
2025-06-20 15:49:18,399 - wiener_linien - INFO - get_vehicles:396 - Returning 9 vehicles (successful requests: 0, failed: 3)
2025-06-20 15:49:38,513 - wiener_linien - INFO - get_vehicles:338 - Fetching vehicles: type=None, line=None, station=1234
2025-06-20 15:49:38,913 - wiener_linien - ERROR - make_api_request:134 - HTTP error 418: <h1>Forbidden</h1>
2025-06-20 15:49:39,302 - wiener_linien - ERROR - make_api_request:134 - HTTP error 418: <h1>Forbidden</h1>
2025-06-20 15:49:39,676 - wiener_linien - ERROR - make_api_request:134 - HTTP error 418: <h1>Forbidden</h1>
2025-06-20 15:49:39,677 - wiener_linien - INFO - get_vehicles:383 - No real vehicles found, adding dummy vehicles
2025-06-20 15:49:39,677 - wiener_linien - INFO - get_vehicles:396 - Returning 9 vehicles (successful requests: 0, failed: 3)
2025-06-20 15:49:45,632 - wiener_linien - INFO - get_vehicles:338 - Fetching vehicles: type=tram, line=None, station=1234
2025-06-20 15:49:46,011 - wiener_linien - ERROR - make_api_request:134 - HTTP error 418: <h1>Forbidden</h1>
2025-06-20 15:49:46,439 - wiener_linien - ERROR - make_api_request:134 - HTTP error 418: <h1>Forbidden</h1>
2025-06-20 15:49:46,817 - wiener_linien - ERROR - make_api_request:134 - HTTP error 418: <h1>Forbidden</h1>
2025-06-20 15:49:46,819 - wiener_linien - INFO - get_vehicles:383 - No real vehicles found, adding dummy vehicles
2025-06-20 15:49:46,819 - wiener_linien - INFO - get_vehicles:396 - Returning 3 vehicles (successful requests: 0, failed: 3)
2025-06-20 15:49:52,035 - wiener_linien - INFO - get_vehicles:338 - Fetching vehicles: type=tram, line=D, station=1234
2025-06-20 15:49:52,419 - wiener_linien - ERROR - make_api_request:134 - HTTP error 418: <h1>Forbidden</h1>
2025-06-20 15:49:52,810 - wiener_linien - ERROR - make_api_request:134 - HTTP error 418: <h1>Forbidden</h1>
2025-06-20 15:49:53,199 - wiener_linien - ERROR - make_api_request:134 - HTTP error 418: <h1>Forbidden</h1>
2025-06-20 15:49:53,200 - wiener_linien - INFO - get_vehicles:383 - No real vehicles found, adding dummy vehicles
2025-06-20 15:49:53,200 - wiener_linien - INFO - get_vehicles:396 - Returning 1 vehicles (successful requests: 0, failed: 3)
2025-06-20 15:50:02,101 - wiener_linien - INFO - get_vehicles:338 - Fetching vehicles: type=tram, line=D, station=4034
2025-06-20 15:50:02,488 - wiener_linien - ERROR - make_api_request:134 - HTTP error 418: <h1>Forbidden</h1>
2025-06-20 15:50:02,856 - wiener_linien - ERROR - make_api_request:134 - HTTP error 418: <h1>Forbidden</h1>
2025-06-20 15:50:03,236 - wiener_linien - ERROR - make_api_request:134 - HTTP error 418: <h1>Forbidden</h1>
2025-06-20 15:50:03,237 - wiener_linien - INFO - get_vehicles:383 - No real vehicles found, adding dummy vehicles
2025-06-20 15:50:03,238 - wiener_linien - INFO - get_vehicles:396 - Returning 1 vehicles (successful requests: 0, failed: 3)
2025-06-20 15:50:18,417 - wiener_linien - INFO - get_vehicles:338 - Fetching vehicles: type=tram, line=D, station=4034
2025-06-20 15:50:18,817 - wiener_linien - ERROR - make_api_request:134 - HTTP error 418: <h1>Forbidden</h1>
2025-06-20 15:50:19,170 - wiener_linien - ERROR - make_api_request:134 - HTTP error 418: <h1>Forbidden</h1>
2025-06-20 15:50:19,535 - wiener_linien - ERROR - make_api_request:134 - HTTP error 418: <h1>Forbidden</h1>
2025-06-20 15:50:19,536 - wiener_linien - INFO - get_vehicles:383 - No real vehicles found, adding dummy vehicles
2025-06-20 15:50:19,536 - wiener_linien - INFO - get_vehicles:396 - Returning 1 vehicles (successful requests: 0, failed: 3)
2025-06-20 15:51:06,359 - wiener_linien - INFO - <module>:560 - Starting Wiener Linien Live Map application
2025-06-20 15:53:22,981 - wiener_linien - INFO - <module>:560 - Starting Wiener Linien Live Map application
2025-06-20 15:53:24,372 - wiener_linien - INFO - <module>:560 - Starting Wiener Linien Live Map application
2025-06-20 15:54:34,893 - wiener_linien - INFO - <module>:624 - Starting Wiener Linien Live Map application
2025-06-20 15:55:07,338 - wiener_linien - INFO - <module>:649 - Starting Wiener Linien Live Map application
2025-06-20 15:55:45,815 - wiener_linien - INFO - <module>:649 - Starting Wiener Linien Live Map application
2025-06-20 15:55:47,233 - wiener_linien - INFO - <module>:649 - Starting Wiener Linien Live Map application
2025-06-20 15:56:05,113 - wiener_linien - INFO - <module>:649 - Starting Wiener Linien Live Map application
2025-06-20 15:56:05,678 - wiener_linien - INFO - get_routes:641 - Returning 2 routes
2025-06-20 15:56:06,766 - wiener_linien - INFO - <module>:649 - Starting Wiener Linien Live Map application
2025-06-20 15:56:08,910 - wiener_linien - INFO - get_routes:633 - Returning route for line D
2025-06-20 15:56:11,385 - wiener_linien - INFO - get_lines:565 - Returning 71 lines
2025-06-20 15:56:11,432 - wiener_linien - INFO - get_stops:616 - Returning 36 stops
2025-06-20 15:56:11,447 - wiener_linien - INFO - get_vehicles:402 - Fetching vehicles: type=None, line=None, station=None
2025-06-20 15:56:11,894 - wiener_linien - ERROR - make_api_request:198 - HTTP error 418: <h1>Forbidden</h1>
2025-06-20 15:56:12,297 - wiener_linien - ERROR - make_api_request:198 - HTTP error 418: <h1>Forbidden</h1>
2025-06-20 15:56:12,717 - wiener_linien - ERROR - make_api_request:198 - HTTP error 418: <h1>Forbidden</h1>
2025-06-20 15:56:12,718 - wiener_linien - INFO - get_vehicles:447 - No real vehicles found, adding dummy vehicles
2025-06-20 15:56:12,719 - wiener_linien - INFO - get_vehicles:460 - Returning 9 vehicles (successful requests: 0, failed: 3)
2025-06-20 15:56:21,664 - wiener_linien - INFO - get_vehicles:402 - Fetching vehicles: type=tram, line=None, station=None
2025-06-20 15:56:22,088 - wiener_linien - ERROR - make_api_request:198 - HTTP error 418: <h1>Forbidden</h1>
2025-06-20 15:56:22,490 - wiener_linien - ERROR - make_api_request:198 - HTTP error 418: <h1>Forbidden</h1>
2025-06-20 15:56:22,877 - wiener_linien - ERROR - make_api_request:198 - HTTP error 418: <h1>Forbidden</h1>
2025-06-20 15:56:22,879 - wiener_linien - INFO - get_vehicles:447 - No real vehicles found, adding dummy vehicles
2025-06-20 15:56:22,879 - wiener_linien - INFO - get_vehicles:460 - Returning 3 vehicles (successful requests: 0, failed: 3)
2025-06-20 15:56:34,188 - wiener_linien - INFO - get_vehicles:402 - Fetching vehicles: type=tram, line=D, station=None
2025-06-20 15:56:34,664 - wiener_linien - ERROR - make_api_request:198 - HTTP error 418: <h1>Forbidden</h1>
2025-06-20 15:56:35,065 - wiener_linien - ERROR - make_api_request:198 - HTTP error 418: <h1>Forbidden</h1>
2025-06-20 15:56:35,519 - wiener_linien - ERROR - make_api_request:198 - HTTP error 418: <h1>Forbidden</h1>
2025-06-20 15:56:35,520 - wiener_linien - INFO - get_vehicles:447 - No real vehicles found, adding dummy vehicles
2025-06-20 15:56:35,520 - wiener_linien - INFO - get_vehicles:460 - Returning 1 vehicles (successful requests: 0, failed: 3)
2025-06-20 15:57:12,796 - wiener_linien - INFO - get_vehicles:402 - Fetching vehicles: type=tram, line=D, station=None
2025-06-20 15:57:13,218 - wiener_linien - ERROR - make_api_request:198 - HTTP error 418: <h1>Forbidden</h1>
2025-06-20 15:57:13,629 - wiener_linien - ERROR - make_api_request:198 - HTTP error 418: <h1>Forbidden</h1>
2025-06-20 15:57:14,024 - wiener_linien - ERROR - make_api_request:198 - HTTP error 418: <h1>Forbidden</h1>
2025-06-20 15:57:14,025 - wiener_linien - INFO - get_vehicles:447 - No real vehicles found, adding dummy vehicles
2025-06-20 15:57:14,025 - wiener_linien - INFO - get_vehicles:460 - Returning 1 vehicles (successful requests: 0, failed: 3)
2025-06-20 15:57:53,132 - wiener_linien - INFO - get_routes:633 - Returning route for line D
2025-06-20 15:58:12,810 - wiener_linien - INFO - get_vehicles:402 - Fetching vehicles: type=tram, line=D, station=None
2025-06-20 15:58:13,247 - wiener_linien - ERROR - make_api_request:198 - HTTP error 418: <h1>Forbidden</h1>
2025-06-20 15:58:13,658 - wiener_linien - ERROR - make_api_request:198 - HTTP error 418: <h1>Forbidden</h1>
2025-06-20 15:58:14,048 - wiener_linien - ERROR - make_api_request:198 - HTTP error 418: <h1>Forbidden</h1>
2025-06-20 15:58:14,049 - wiener_linien - INFO - get_vehicles:447 - No real vehicles found, adding dummy vehicles
2025-06-20 15:58:14,049 - wiener_linien - INFO - get_vehicles:460 - Returning 1 vehicles (successful requests: 0, failed: 3)
2025-06-20 15:59:12,805 - wiener_linien - INFO - get_vehicles:402 - Fetching vehicles: type=tram, line=D, station=None
2025-06-20 15:59:13,201 - wiener_linien - ERROR - make_api_request:198 - HTTP error 418: <h1>Forbidden</h1>
2025-06-20 15:59:13,585 - wiener_linien - ERROR - make_api_request:198 - HTTP error 418: <h1>Forbidden</h1>
2025-06-20 15:59:13,970 - wiener_linien - ERROR - make_api_request:198 - HTTP error 418: <h1>Forbidden</h1>
2025-06-20 15:59:13,972 - wiener_linien - INFO - get_vehicles:447 - No real vehicles found, adding dummy vehicles
2025-06-20 15:59:13,972 - wiener_linien - INFO - get_vehicles:460 - Returning 1 vehicles (successful requests: 0, failed: 3)
2025-06-20 15:59:57,883 - wiener_linien - INFO - get_vehicles:402 - Fetching vehicles: type=tram, line=D, station=3052
2025-06-20 15:59:58,286 - wiener_linien - ERROR - make_api_request:198 - HTTP error 418: <h1>Forbidden</h1>
2025-06-20 15:59:58,644 - wiener_linien - ERROR - make_api_request:198 - HTTP error 418: <h1>Forbidden</h1>
2025-06-20 15:59:59,040 - wiener_linien - ERROR - make_api_request:198 - HTTP error 418: <h1>Forbidden</h1>
2025-06-20 15:59:59,041 - wiener_linien - INFO - get_vehicles:447 - No real vehicles found, adding dummy vehicles
2025-06-20 15:59:59,041 - wiener_linien - INFO - get_vehicles:460 - Returning 1 vehicles (successful requests: 0, failed: 3)
2025-06-20 16:00:12,888 - wiener_linien - INFO - get_vehicles:402 - Fetching vehicles: type=tram, line=D, station=3052
2025-06-20 16:00:13,293 - wiener_linien - ERROR - make_api_request:198 - HTTP error 418: <h1>Forbidden</h1>
2025-06-20 16:00:13,722 - wiener_linien - ERROR - make_api_request:198 - HTTP error 418: <h1>Forbidden</h1>
2025-06-20 16:00:14,091 - wiener_linien - ERROR - make_api_request:198 - HTTP error 418: <h1>Forbidden</h1>
2025-06-20 16:00:14,092 - wiener_linien - INFO - get_vehicles:447 - No real vehicles found, adding dummy vehicles
2025-06-20 16:00:14,092 - wiener_linien - INFO - get_vehicles:460 - Returning 1 vehicles (successful requests: 0, failed: 3)
2025-06-20 16:07:50,414 - wiener_linien - INFO - <module>:634 - Starting Wiener Linien Live Map application
2025-06-20 16:07:50,893 - wiener_linien - INFO - <module>:634 - Starting Wiener Linien Live Map application
2025-06-20 16:08:50,388 - wiener_linien - INFO - <module>:634 - Starting Wiener Linien Live Map application
2025-06-20 16:08:50,929 - wiener_linien - INFO - <module>:634 - Starting Wiener Linien Live Map application
2025-06-20 16:09:15,352 - wiener_linien - INFO - <module>:634 - Starting Wiener Linien Live Map application
2025-06-20 16:09:15,818 - wiener_linien - INFO - <module>:634 - Starting Wiener Linien Live Map application
2025-06-20 16:11:28,995 - wiener_linien - INFO - <module>:634 - Starting Wiener Linien Live Map application
2025-06-20 16:11:29,452 - wiener_linien - INFO - <module>:634 - Starting Wiener Linien Live Map application
2025-06-20 16:11:56,893 - wiener_linien - INFO - <module>:668 - Starting Wiener Linien Live Map application
2025-06-20 16:11:57,442 - wiener_linien - INFO - <module>:668 - Starting Wiener Linien Live Map application
2025-06-20 16:12:50,392 - wiener_linien - INFO - <module>:668 - Starting Wiener Linien Live Map application
2025-06-20 16:12:50,966 - wiener_linien - INFO - <module>:668 - Starting Wiener Linien Live Map application
2025-06-20 16:17:48,784 - wiener_linien - INFO - <module>:668 - Starting Wiener Linien Live Map application
2025-06-20 16:17:50,445 - wiener_linien - INFO - <module>:668 - Starting Wiener Linien Live Map application
2025-06-20 16:17:50,920 - wiener_linien - INFO - get_routes:660 - Returning 2 routes
2025-06-20 16:24:19,547 - wiener_linien - INFO - <module>:668 - Starting Wiener Linien Live Map application
2025-06-20 16:24:19,566 - wiener_linien - INFO - <module>:668 - Starting Wiener Linien Live Map application
2025-06-20 16:24:19,992 - wiener_linien - INFO - <module>:668 - Starting Wiener Linien Live Map application
2025-06-20 16:24:20,980 - wiener_linien - INFO - <module>:668 - Starting Wiener Linien Live Map application
2025-06-20 16:24:21,002 - wiener_linien - INFO - <module>:668 - Starting Wiener Linien Live Map application
2025-06-20 16:24:21,409 - wiener_linien - INFO - <module>:668 - Starting Wiener Linien Live Map application
2025-06-20 16:24:24,378 - wiener_linien - INFO - <module>:668 - Starting Wiener Linien Live Map application
2025-06-20 16:24:24,405 - wiener_linien - INFO - <module>:668 - Starting Wiener Linien Live Map application
2025-06-20 16:24:24,828 - wiener_linien - INFO - <module>:668 - Starting Wiener Linien Live Map application
2025-06-20 16:25:13,873 - wiener_linien - INFO - <module>:668 - Starting Wiener Linien Live Map application
2025-06-20 16:25:13,900 - wiener_linien - INFO - <module>:668 - Starting Wiener Linien Live Map application
2025-06-20 16:25:14,304 - wiener_linien - INFO - <module>:668 - Starting Wiener Linien Live Map application
2025-06-20 16:25:17,277 - wiener_linien - INFO - <module>:668 - Starting Wiener Linien Live Map application
2025-06-20 16:25:17,313 - wiener_linien - INFO - <module>:668 - Starting Wiener Linien Live Map application
2025-06-20 16:25:17,733 - wiener_linien - INFO - <module>:668 - Starting Wiener Linien Live Map application
2025-06-20 16:25:51,231 - wiener_linien - INFO - <module>:668 - Starting Wiener Linien Live Map application
2025-06-20 16:25:51,803 - wiener_linien - INFO - <module>:668 - Starting Wiener Linien Live Map application
2025-06-20 16:25:51,841 - wiener_linien - INFO - <module>:668 - Starting Wiener Linien Live Map application
2025-06-20 16:25:53,251 - wiener_linien - INFO - <module>:668 - Starting Wiener Linien Live Map application
2025-06-20 16:25:53,288 - wiener_linien - INFO - <module>:668 - Starting Wiener Linien Live Map application
2025-06-20 16:25:53,674 - wiener_linien - INFO - <module>:668 - Starting Wiener Linien Live Map application
2025-06-20 16:26:32,752 - wiener_linien - INFO - <module>:668 - Starting Wiener Linien Live Map application
2025-06-20 16:26:32,788 - wiener_linien - INFO - <module>:668 - Starting Wiener Linien Live Map application
2025-06-20 16:26:33,164 - wiener_linien - INFO - <module>:668 - Starting Wiener Linien Live Map application
2025-06-20 16:26:51,610 - wiener_linien - INFO - <module>:668 - Starting Wiener Linien Live Map application
2025-06-20 16:26:52,249 - wiener_linien - INFO - <module>:668 - Starting Wiener Linien Live Map application
2025-06-20 16:26:52,279 - wiener_linien - INFO - <module>:668 - Starting Wiener Linien Live Map application
2025-06-20 16:26:53,045 - wiener_linien - INFO - <module>:668 - Starting Wiener Linien Live Map application
2025-06-20 16:26:53,673 - wiener_linien - INFO - <module>:668 - Starting Wiener Linien Live Map application
2025-06-20 16:26:53,707 - wiener_linien - INFO - <module>:668 - Starting Wiener Linien Live Map application
2025-06-20 16:26:56,460 - wiener_linien - INFO - <module>:668 - Starting Wiener Linien Live Map application
2025-06-20 16:26:57,135 - wiener_linien - INFO - <module>:668 - Starting Wiener Linien Live Map application
2025-06-20 16:26:57,169 - wiener_linien - INFO - <module>:668 - Starting Wiener Linien Live Map application
2025-06-20 16:28:17,717 - wiener_linien - INFO - <module>:668 - Starting Wiener Linien Live Map application
2025-06-20 16:28:17,750 - wiener_linien - INFO - <module>:668 - Starting Wiener Linien Live Map application
2025-06-20 16:28:18,033 - wiener_linien - INFO - <module>:668 - Starting Wiener Linien Live Map application
2025-06-20 16:28:21,690 - websocket_manager - INFO - WebSocket manager started
2025-06-20 16:28:21,691 - disruption_alerts - INFO - Disruption monitoring started
2025-06-20 16:28:21,694 - disruption_alerts - INFO - Disruption monitoring started
